2020-05-26 11:07:23,931 - 学生系统测试 - INFO - 实际返回数据为:None
2020-05-26 11:07:25,950 - 学生系统测试 - ERROR - 学校搜索用例执行失败，原因：Message: no such element: Unable to locate element: {"method":"xpath","selector":"//*[@id="app"]/section/section/aside/ul/li[8]"}
  (Session info: chrome=79.0.3945.88)
  (Driver info: chromedriver=2.41.578737 (49da6702b16031c40d63e5618de03a32ff6c197e),platform=Windows NT 10.0.17763 x86_64)

2020-05-26 11:07:25,951 - 学生系统测试 - INFO - 实际返回数据为:None
2020-05-26 11:07:27,996 - 学生系统测试 - ERROR - 学校搜索2用例执行失败，原因：Message: no such element: Unable to locate element: {"method":"xpath","selector":"//*[@id="app"]/section/section/main/div/div[1]/div[2]/div[1]/div/div/div[2]/div/div/input"}
  (Session info: chrome=79.0.3945.88)
  (Driver info: chromedriver=2.41.578737 (49da6702b16031c40d63e5618de03a32ff6c197e),platform=Windows NT 10.0.17763 x86_64)

2020-05-26 11:07:27,997 - 学生系统测试 - INFO - 实际返回数据为:None
2020-05-26 11:07:44,642 - 学生系统测试 - INFO - 实际返回数据为:None
2020-05-26 11:07:46,666 - 学生系统测试 - ERROR - 学生搜索用例执行失败，原因：Message: no such element: Unable to locate element: {"method":"xpath","selector":"//*[@id="app"]/section/section/aside/ul/li[7]"}
  (Session info: chrome=79.0.3945.88)
  (Driver info: chromedriver=2.41.578737 (49da6702b16031c40d63e5618de03a32ff6c197e),platform=Windows NT 10.0.17763 x86_64)

2020-05-26 11:07:46,667 - 学生系统测试 - INFO - 实际返回数据为:None
2020-05-26 11:07:50,724 - 学生系统测试 - ERROR - 学生分页用例执行失败，原因：Message: no such element: Unable to locate element: {"method":"xpath","selector":"//*[@id="pane-first"]/div/div[2]/div/button[2]/i"}
  (Session info: chrome=79.0.3945.88)
  (Driver info: chromedriver=2.41.578737 (49da6702b16031c40d63e5618de03a32ff6c197e),platform=Windows NT 10.0.17763 x86_64)

2020-05-26 11:07:50,724 - 学生系统测试 - INFO - 实际返回数据为:None
2020-05-26 11:08:49,060 - 学生系统测试 - INFO - 实际返回数据为:None
2020-05-26 11:08:51,083 - 学生系统测试 - ERROR - 学校搜索用例执行失败，原因：Message: no such element: Unable to locate element: {"method":"xpath","selector":"//*[@id="app"]/section/section/aside/ul/li[8]"}
  (Session info: chrome=79.0.3945.88)
  (Driver info: chromedriver=2.41.578737 (49da6702b16031c40d63e5618de03a32ff6c197e),platform=Windows NT 10.0.17763 x86_64)

2020-05-26 11:08:51,083 - 学生系统测试 - INFO - 实际返回数据为:None
2020-05-26 11:08:53,131 - 学生系统测试 - ERROR - 学校搜索2用例执行失败，原因：Message: no such element: Unable to locate element: {"method":"xpath","selector":"//*[@id="app"]/section/section/main/div/div[1]/div[2]/div[1]/div/div/div[2]/div/div/input"}
  (Session info: chrome=79.0.3945.88)
  (Driver info: chromedriver=2.41.578737 (49da6702b16031c40d63e5618de03a32ff6c197e),platform=Windows NT 10.0.17763 x86_64)

2020-05-26 11:08:53,131 - 学生系统测试 - INFO - 实际返回数据为:None
2020-05-26 11:08:59,074 - 学生系统测试 - ERROR - 登录用例执行失败，原因：Message: no such window: target window already closed
from unknown error: web view not found
  (Session info: chrome=79.0.3945.88)
  (Driver info: chromedriver=2.41.578737 (49da6702b16031c40d63e5618de03a32ff6c197e),platform=Windows NT 10.0.17763 x86_64)

2020-05-26 11:08:59,074 - 学生系统测试 - INFO - 实际返回数据为:None
2020-05-26 11:08:59,077 - 学生系统测试 - ERROR - 学生搜索用例执行失败，原因：Message: no such window: target window already closed
from unknown error: web view not found
  (Session info: chrome=79.0.3945.88)
  (Driver info: chromedriver=2.41.578737 (49da6702b16031c40d63e5618de03a32ff6c197e),platform=Windows NT 10.0.17763 x86_64)

2020-05-26 11:08:59,078 - 学生系统测试 - INFO - 实际返回数据为:None
2020-05-26 11:08:59,079 - 学生系统测试 - ERROR - 学生分页用例执行失败，原因：Message: no such window: target window already closed
from unknown error: web view not found
  (Session info: chrome=79.0.3945.88)
  (Driver info: chromedriver=2.41.578737 (49da6702b16031c40d63e5618de03a32ff6c197e),platform=Windows NT 10.0.17763 x86_64)

2020-05-26 11:08:59,080 - 学生系统测试 - INFO - 实际返回数据为:None
2020-05-26 11:09:35,591 - 学生系统测试 - INFO - 实际返回数据为:None
2020-05-26 11:09:37,605 - 学生系统测试 - ERROR - 学校搜索用例执行失败，原因：Message: no such element: Unable to locate element: {"method":"xpath","selector":"//*[@id="app"]/section/section/aside/ul/li[8]"}
  (Session info: chrome=79.0.3945.88)
  (Driver info: chromedriver=2.41.578737 (49da6702b16031c40d63e5618de03a32ff6c197e),platform=Windows NT 10.0.17763 x86_64)

2020-05-26 11:09:37,605 - 学生系统测试 - INFO - 实际返回数据为:None
2020-05-26 11:09:39,633 - 学生系统测试 - ERROR - 学校搜索2用例执行失败，原因：Message: no such element: Unable to locate element: {"method":"xpath","selector":"//*[@id="app"]/section/section/main/div/div[1]/div[2]/div[1]/div/div/div[2]/div/div/input"}
  (Session info: chrome=79.0.3945.88)
  (Driver info: chromedriver=2.41.578737 (49da6702b16031c40d63e5618de03a32ff6c197e),platform=Windows NT 10.0.17763 x86_64)

2020-05-26 11:09:39,633 - 学生系统测试 - INFO - 实际返回数据为:None
2020-05-26 11:09:56,065 - 学生系统测试 - INFO - 实际返回数据为:None
2020-05-26 11:09:58,114 - 学生系统测试 - ERROR - 学生搜索用例执行失败，原因：Message: no such element: Unable to locate element: {"method":"xpath","selector":"//*[@id="app"]/section/section/aside/ul/li[7]"}
  (Session info: chrome=79.0.3945.88)
  (Driver info: chromedriver=2.41.578737 (49da6702b16031c40d63e5618de03a32ff6c197e),platform=Windows NT 10.0.17763 x86_64)

2020-05-26 11:09:58,114 - 学生系统测试 - INFO - 实际返回数据为:None
2020-05-26 11:10:02,146 - 学生系统测试 - ERROR - 学生分页用例执行失败，原因：Message: no such element: Unable to locate element: {"method":"xpath","selector":"//*[@id="pane-first"]/div/div[2]/div/button[2]/i"}
  (Session info: chrome=79.0.3945.88)
  (Driver info: chromedriver=2.41.578737 (49da6702b16031c40d63e5618de03a32ff6c197e),platform=Windows NT 10.0.17763 x86_64)

2020-05-26 11:10:02,146 - 学生系统测试 - INFO - 实际返回数据为:None
2020-05-26 11:21:27,707 - 学生系统测试 - INFO - 实际返回数据为:None
2020-05-26 11:21:38,526 - 学生系统测试 - INFO - 实际返回数据为:None
2020-05-26 11:21:46,960 - 学生系统测试 - INFO - 实际返回数据为:None
2020-05-26 11:22:02,776 - 学生系统测试 - INFO - 实际返回数据为:None
2020-05-26 11:22:11,514 - 学生系统测试 - INFO - 实际返回数据为:None
2020-05-26 11:22:17,925 - 学生系统测试 - INFO - 实际返回数据为:None
